<?xml version="1.0" encoding="UTF-8"?>
<!-- Generated by org.testng.reporters.JUnitReportReporter -->
<testsuite skipped="0" hostname="DESKTOP-OVK0PKC" name="multiBrowser.EnvironmentTest" tests="3" failures="0" timestamp="07 Dec 2018 09:56:01 GMT" time="0.024" errors="0">
  <testcase name="functionalTest" time="0.017" classname="multiBrowser.EnvironmentTest"/>
  <testcase name="functionalTest" time="0.005" classname="multiBrowser.EnvironmentTest"/>
  <testcase name="functionalTest" time="0.002" classname="multiBrowser.EnvironmentTest"/>
</testsuite> <!-- multiBrowser.EnvironmentTest -->
