<?xml version="1.0" encoding="UTF-8"?>
<!-- Generated by org.testng.reporters.JUnitReportReporter -->
<testsuite skipped="0" hostname="DESKTOP-OVK0PKC" name="testMultiEnviroment.EnvironmentTest" tests="3" failures="0" timestamp="07 Dec 2018 09:59:52 GMT" time="0.040" errors="0">
  <testcase name="functionalTest" time="0.032" classname="testMultiEnviroment.EnvironmentTest"/>
  <testcase name="functionalTest" time="0.004" classname="testMultiEnviroment.EnvironmentTest"/>
  <testcase name="functionalTest" time="0.004" classname="testMultiEnviroment.EnvironmentTest"/>
</testsuite> <!-- testMultiEnviroment.EnvironmentTest -->
